<?xml version="1.0" encoding="UTF-8"?>
<testng-results ignored="0" total="3" passed="3" failed="0" skipped="0">
  <reporter-output>
  </reporter-output>
  <suite started-at="2023-09-29T11:48:03 IST" name="Default suite" finished-at="2023-09-29T11:48:33 IST" duration-ms="29725">
    <groups>
    </groups>
    <test started-at="2023-09-29T11:48:03 IST" name="Default test" finished-at="2023-09-29T11:48:33 IST" duration-ms="29725">
      <class name="com.Equarz.Testcases.AddressTest">
        <test-method is-config="true" signature="login()[pri:0, instance:com.Equarz.Testcases.AddressTest@1d296da]" started-at="2023-09-29T11:48:03 IST" name="login" finished-at="2023-09-29T11:48:18 IST" duration-ms="15427" status="PASS">
          <reporter-output>
          </reporter-output>
        </test-method> <!-- login -->
        <test-method is-config="true" signature="initialize()[pri:0, instance:com.Equarz.Testcases.AddressTest@1d296da]" started-at="2023-09-29T11:48:19 IST" name="initialize" finished-at="2023-09-29T11:48:19 IST" duration-ms="2" status="PASS">
          <reporter-output>
          </reporter-output>
        </test-method> <!-- initialize -->
        <test-method signature="addaddress(java.lang.String,java.lang.String,java.lang.String,java.lang.String)[pri:1, instance:com.Equarz.Testcases.AddressTest@1d296da]" started-at="2023-09-29T11:48:19 IST" name="addaddress" data-provider="setdata" finished-at="2023-09-29T11:48:24 IST" duration-ms="4717" status="PASS">
          <params>
            <param index="0">
              <value>
                <![CDATA[keerthi]]>
              </value>
            </param>
            <param index="1">
              <value>
                <![CDATA[8975665673]]>
              </value>
            </param>
            <param index="2">
              <value>
                <![CDATA[hightech city]]>
              </value>
            </param>
            <param index="3">
              <value>
                <![CDATA[500001]]>
              </value>
            </param>
          </params>
          <reporter-output>
          </reporter-output>
        </test-method> <!-- addaddress -->
        <test-method is-config="true" signature="initialize()[pri:0, instance:com.Equarz.Testcases.AddressTest@1d296da]" started-at="2023-09-29T11:48:24 IST" name="initialize" finished-at="2023-09-29T11:48:24 IST" duration-ms="1" status="PASS">
          <reporter-output>
          </reporter-output>
        </test-method> <!-- initialize -->
        <test-method signature="editaddress()[pri:2, instance:com.Equarz.Testcases.AddressTest@1d296da]" started-at="2023-09-29T11:48:24 IST" name="editaddress" finished-at="2023-09-29T11:48:28 IST" duration-ms="4097" status="PASS">
          <reporter-output>
          </reporter-output>
        </test-method> <!-- editaddress -->
        <test-method is-config="true" signature="initialize()[pri:0, instance:com.Equarz.Testcases.AddressTest@1d296da]" started-at="2023-09-29T11:48:28 IST" name="initialize" finished-at="2023-09-29T11:48:28 IST" duration-ms="1" status="PASS">
          <reporter-output>
          </reporter-output>
        </test-method> <!-- initialize -->
        <test-method signature="deleteaddress()[pri:3, instance:com.Equarz.Testcases.AddressTest@1d296da]" started-at="2023-09-29T11:48:28 IST" name="deleteaddress" finished-at="2023-09-29T11:48:33 IST" duration-ms="4873" status="PASS">
          <reporter-output>
          </reporter-output>
        </test-method> <!-- deleteaddress -->
      </class> <!-- com.Equarz.Testcases.AddressTest -->
    </test> <!-- Default test -->
  </suite> <!-- Default suite -->
</testng-results>
