<?xml version="1.0" encoding="UTF-8"?>
<!-- Generated by org.testng.reporters.JUnitXMLReporter -->
<testsuite ignored="0" hostname="DESKTOP-C09DSQO" failures="0" tests="18" name="Default test" time="33.772" errors="0" timestamp="2023-09-27T13:00:50 IST">
  <testcase classname="com.Equarz.Testcases.HomelinkTest" name="cancellation" time="0.933"/>
  <testcase classname="com.Equarz.Testcases.HomelinkTest" name="facebook" time="0.11"/>
  <testcase classname="com.Equarz.Testcases.HomelinkTest" name="google" time="0.098"/>
  <testcase classname="com.Equarz.Testcases.HomelinkTest" name="insta" time="0.096"/>
  <testcase classname="com.Equarz.Testcases.HomelinkTest" name="latestproduct" time="3.478"/>
  <testcase classname="com.Equarz.Testcases.HomelinkTest" name="linkedin" time="0.109"/>
  <testcase classname="com.Equarz.Testcases.HomelinkTest" name="mail" time="0.094"/>
  <testcase classname="com.Equarz.Testcases.HomelinkTest" name="phone" time="0.137"/>
  <testcase classname="com.Equarz.Testcases.HomelinkTest" name="pinterest" time="0.11"/>
  <testcase classname="com.Equarz.Testcases.HomelinkTest" name="profileinfo" time="3.367"/>
  <testcase classname="com.Equarz.Testcases.HomelinkTest" name="refundpolicy" time="0.748"/>
  <testcase classname="com.Equarz.Testcases.HomelinkTest" name="returnpolicy" time="0.66"/>
  <testcase classname="com.Equarz.Testcases.HomelinkTest" name="search" time="1.413"/>
  <testcase classname="com.Equarz.Testcases.HomelinkTest" name="sellingproducts" time="1.613"/>
  <testcase classname="com.Equarz.Testcases.HomelinkTest" name="supportticket" time="0.851"/>
  <testcase classname="com.Equarz.Testcases.HomelinkTest" name="toprated" time="1.24"/>
  <testcase classname="com.Equarz.Testcases.HomelinkTest" name="trackorder" time="0.759"/>
  <testcase classname="com.Equarz.Testcases.HomelinkTest" name="twitter" time="0.103"/>
</testsuite> <!-- Default test -->
