<?xml version="1.0" encoding="UTF-8"?>
<!-- Generated by org.testng.reporters.JUnitXMLReporter -->
<testsuite ignored="0" hostname="DESKTOP-C09DSQO" failures="0" tests="3" name="Default test" time="29.725" errors="0" timestamp="2023-09-29T11:48:33 IST">
  <testcase classname="com.Equarz.Testcases.AddressTest" name="addaddress" time="4.717"/>
  <testcase classname="com.Equarz.Testcases.AddressTest" name="editaddress" time="4.097"/>
  <testcase classname="com.Equarz.Testcases.AddressTest" name="deleteaddress" time="4.873"/>
</testsuite> <!-- Default test -->
